2026-03-06 14:14:36 | run_collect_anfragen | SYSTEM | Collect-Anfragen gestartet
2026-03-06 14:14:36 | run_collect_anfragen | SYSTEM | Keine Klassifikation für Mail: Re: Tickets YE Steinbockalm am 08.03.2026
2026-03-06 14:14:36 | run_collect_anfragen | SYSTEM | Keine Klassifikation für Mail: Re: Tickets YE Steinbockalm am 08.03.2026
2026-03-06 14:14:36 | run_collect_anfragen | SYSTEM | Keine Klassifikation für Mail: Leads
2026-03-06 14:14:36 | run_collect_anfragen | SYSTEM | Keine Klassifikation für Mail: WG: New form submission on Webflow for www-enko-at
2026-03-06 14:14:36 | run_collect_anfragen | SYSTEM | Keine Klassifikation für Mail: AW: Anfrage Agrar-PV 
2026-03-06 14:14:36 | run_collect_anfragen | SYSTEM | Keine Klassifikation für Mail: FW: New form submission on Webflow for www-enko-at
2026-03-06 14:14:36 | run_collect_anfragen | SYSTEM | Keine Klassifikation für Mail: Re: Angebot PV Alexander Gürtler
2026-03-06 14:14:36 | run_collect_anfragen | SYSTEM | Keine Klassifikation für Mail: WG: MachbarMacher │ Neue Anfrage für Vermittlungsprojekt (Nr. AT009426L00057)
2026-03-06 14:14:36 | run_collect_anfragen | SYSTEM | Keine Klassifikation für Mail: WG: Auftragsbestätigung und weitere Schritte
2026-03-06 14:14:36 | run_collect_anfragen | SYSTEM | Keine Klassifikation für Mail: Auftragsbestätigung und weitere Schritte
2026-03-06 14:14:36 | run_collect_anfragen | SYSTEM | Keine Klassifikation für Mail: Schlussrechnung
2026-03-06 14:14:36 | run_collect_anfragen | SYSTEM | Keine Klassifikation für Mail: WG: Angebot aktualisiert zu den besprochenen Vereinbarungen
2026-03-06 14:14:36 | run_collect_anfragen | SYSTEM | Keine Klassifikation für Mail: AW: Angebot aktualisiert zu den besprochenen Vereinbarungen
2026-03-06 14:14:36 | run_collect_anfragen | SYSTEM | Keine Klassifikation für Mail: Re: Angebot Photovoltaikanlage Familie Süss
2026-03-06 14:14:36 | run_collect_anfragen | SYSTEM | Keine Klassifikation für Mail: Re: Angebot PV Alexander Gürtler
2026-03-06 14:14:36 | run_collect_anfragen | SYSTEM | Keine Klassifikation für Mail: Re: Angebot PV Alexander Gürtler
2026-03-06 14:14:36 | run_collect_anfragen | SYSTEM | Keine Klassifikation für Mail: Re: Ihr Photovoltaik-Projekt – weitere Vorgehensweise und benötigte Unterlagen
2026-03-06 14:14:37 | run_collect_anfragen | SYSTEM | Keine Klassifikation für Mail: Re: Angebot PV Alexander Gürtler
2026-03-06 14:14:37 | run_collect_anfragen | SYSTEM | Keine Klassifikation für Mail: Kontaktdaten Alexander 
2026-03-06 14:14:37 | run_collect_anfragen | SYSTEM | Keine Klassifikation für Mail: Angebot PV- Anlage!
2026-03-06 14:14:37 | run_collect_anfragen | SYSTEM | Keine Klassifikation für Mail: Schlussrechnung
2026-03-06 14:14:37 | run_collect_anfragen | SYSTEM | Keine Klassifikation für Mail: Re: Ihr Photovoltaik-Projekt - Auftragsbestätigung, Anzahlungsrechnung & weitere Schritte
2026-03-06 14:14:37 | run_collect_anfragen | SYSTEM | Keine Klassifikation für Mail: Schlussrechnung
2026-03-06 14:14:37 | run_collect_anfragen | SYSTEM | Keine Klassifikation für Mail: Kur war die Zeit - nun ein Abschied
2026-03-06 14:14:37 | run_collect_anfragen | SYSTEM | Keine Klassifikation für Mail: WG: Zzusammenfassung meiner Telefonate mit Hr. Hartmayer und Herrn Pal
2026-03-06 14:14:37 | run_collect_anfragen | SYSTEM | Keine Klassifikation für Mail: Ihr Photovoltaik-Projekt – weitere Vorgehensweise und benötigte Unterlagen
2026-03-06 14:14:37 | run_collect_anfragen | SYSTEM | Keine Klassifikation für Mail: Re: Angebot Photovoltaikanlage Familie Ofner
2026-03-06 14:14:37 | run_collect_anfragen | SYSTEM | Keine Klassifikation für Mail: Eppenschwandter - Kommt noch Material?
2026-03-06 14:14:37 | run_collect_anfragen | SYSTEM | Keine Klassifikation für Mail: Re: Angebot Photovoltaikanlage Huber Peter
2026-03-06 14:14:37 | run_collect_anfragen | SYSTEM | Keine Klassifikation für Mail: Hallöo Marcel,
2026-03-06 14:14:37 | run_collect_anfragen | SYSTEM | Keine Klassifikation für Mail: Re: Angebot Photovoltaikanlage Huber Peter
2026-03-06 14:14:37 | run_collect_anfragen | SYSTEM | Keine Klassifikation für Mail: AW: Kontaktkaufnahme ENKO PV
2026-03-06 14:14:37 | run_collect_anfragen | SYSTEM | Keine Klassifikation für Mail: Änderung für Angebot!
2026-03-06 14:14:37 | run_collect_anfragen | SYSTEM | Keine Klassifikation für Mail: AW: Kontaktkaufnahme ENKO PV
2026-03-06 14:14:37 | run_collect_anfragen | SYSTEM | Keine Klassifikation für Mail: Re: ENKO Kontaktaufnahme PV
2026-03-06 14:14:37 | run_collect_anfragen | SYSTEM | Keine Klassifikation für Mail: E1 Einspeisegebühren
2026-03-06 14:14:37 | run_collect_anfragen | SYSTEM | Keine Klassifikation für Mail: Einspeisetarife
2026-03-06 14:14:37 | run_collect_anfragen | SYSTEM | Keine Klassifikation für Mail: WG: Ketter von Wärmepumpevergleich.at - Nettbureau AS
2026-03-06 14:14:37 | run_collect_anfragen | SYSTEM | Keine Klassifikation für Mail: Junger
2026-03-06 14:14:37 | run_collect_anfragen | SYSTEM | Keine Klassifikation für Mail: Junger
2026-03-06 14:14:37 | run_collect_anfragen | SYSTEM | Keine Klassifikation für Mail: Automatische Antwort: Mandlbauer Speichererweiterung
2026-03-06 14:14:37 | run_collect_anfragen | SYSTEM | Keine Klassifikation für Mail: AW: Anfrage bezüglich Marktpreisprämienförderung
2026-03-06 14:14:37 | run_collect_anfragen | SYSTEM | Keine Klassifikation für Mail: Aw: Kontaktaufnahme PV Josef Wolf
2026-03-06 14:14:37 | run_collect_anfragen | SYSTEM | Keine Klassifikation für Mail: WG: 🎄Weihnachtsaktion – Speichererweiterung zum Fixpreis! 
2026-03-06 14:14:37 | run_collect_anfragen | SYSTEM | Keine Klassifikation für Mail: Re: Kontaktaufnahme Friedrich Baumann Photovoltaikanlage
2026-03-06 14:14:37 | run_collect_anfragen | SYSTEM | Keine Klassifikation für Mail: Aw: Johann Kothbauer
2026-03-06 14:14:37 | run_collect_anfragen | SYSTEM | Keine Klassifikation für Mail: Anzahl der Voltaikelemente
2026-03-06 14:14:37 | run_collect_anfragen | SYSTEM | Keine Klassifikation für Mail: Re: Zwischenabrechnung, immer noch nicht mit richtiger Endsumne
2026-03-06 14:14:37 | run_collect_anfragen | SYSTEM | Keine Klassifikation für Mail: Re: Zwischenabrechnung, immer noch nicht mit richtiger Endsumne
2026-03-06 14:14:37 | run_collect_anfragen | SYSTEM | Keine Klassifikation für Mail: Re: Angebot Cassandra Fellner-Gross
2026-03-06 14:14:37 | run_collect_anfragen | SYSTEM | Keine Klassifikation für Mail: Re: Angebot Cassandra Fellner-Gross
2026-03-06 14:14:37 | run_collect_anfragen | SYSTEM | Keine Klassifikation für Mail: Re: Angebot Cassandra Fellner-Gross
2026-03-06 14:14:37 | run_collect_anfragen | SYSTEM | Keine Klassifikation für Mail: Re: Angebot Cassandra Fellner-Gross
2026-03-06 14:14:37 | run_collect_anfragen | SYSTEM | Keine Klassifikation für Mail: Angebot
2026-03-06 14:14:37 | run_collect_anfragen | SYSTEM | Keine Klassifikation für Mail: Re: Kontaktaufnahme Photovoltaikanlage Familie Beyer
2026-03-06 14:14:37 | run_collect_anfragen | SYSTEM | Keine Klassifikation für Mail: Kontaktaufnahme ENKO GmbH Photovoltaikanlage
2026-03-06 14:14:37 | run_collect_anfragen | SYSTEM | Keine Klassifikation für Mail: Re: Kontaktaufnahme ENKO GmbH Photovoltaik
2026-03-06 14:14:37 | run_collect_anfragen | SYSTEM | Keine Klassifikation für Mail: AW: Kontaktaufnahme ENKO GmbH Photovoltaik
2026-03-06 14:14:37 | run_collect_anfragen | SYSTEM | Keine Klassifikation für Mail: Re: Angebot PV Christian Weiler
2026-03-06 14:14:37 | run_collect_anfragen | SYSTEM | Keine Klassifikation für Mail: Jakob Hartmaier "MCH Vertrieb e.U. - Leads ENKO GmbH-2" mit Ihnen geteilt
2026-03-06 14:14:37 | run_collect_anfragen | SYSTEM | Keine Klassifikation für Mail: Jakob Hartmaier "MCH Vertrieb e.U. - Leads ENKO GmbH-2" mit Ihnen geteilt
2026-03-06 14:14:37 | run_collect_anfragen | SYSTEM | Keine Klassifikation für Mail: Aw: Re: Angebot PV Christian Weiler
2026-03-06 14:14:37 | run_collect_anfragen | SYSTEM | Keine Klassifikation für Mail: AW: Angebot PV Christian Weiler
2026-03-06 14:14:38 | run_collect_anfragen | SYSTEM | Keine Klassifikation für Mail: Leasing PV
2026-03-06 14:14:38 | run_collect_anfragen | SYSTEM | Keine Klassifikation für Mail: Leasing PV
2026-03-06 14:14:38 | run_collect_anfragen | SYSTEM | Keine Klassifikation für Mail: Aw: Aw: Kontaktaufnahme PV-Anlage Thomas Oberhofer
2026-03-06 14:14:38 | run_collect_anfragen | SYSTEM | Keine Klassifikation für Mail: Aw: Kontaktaufnahme Photovoltaik
2026-03-06 14:14:38 | run_collect_anfragen | SYSTEM | Keine Klassifikation für Mail: AW: Kontaktaufnahme Herr Laimer
2026-03-06 14:14:38 | run_collect_anfragen | SYSTEM | Keine Klassifikation für Mail: Ihnen wurden 2 Kontakte zugewiesen
2026-03-06 14:14:38 | run_collect_anfragen | SYSTEM | Keine Klassifikation für Mail: Ihnen wurden 2 Kontakte zugewiesen
2026-03-06 14:14:38 | run_collect_anfragen | SYSTEM | Keine Klassifikation für Mail: Ihnen wurde ein Angebot zugewiesen
2026-03-06 14:14:38 | run_collect_anfragen | SYSTEM | Keine Klassifikation für Mail: Fwd: EAG Investitionszuschuss Ticket zu ZP AT0030000000000000000000030116961
2026-03-06 14:14:38 | run_collect_anfragen | SYSTEM | Keine Klassifikation für Mail: Aw: Kontaktaufnahme Photovoltaik
2026-03-06 14:14:38 | run_collect_anfragen | SYSTEM | Keine Klassifikation für Mail: Re: Kunde Patrick Pöschl Lead KL-Montagen
2026-03-06 14:14:38 | run_collect_anfragen | SYSTEM | Keine Klassifikation für Mail: Re: Astrid Eibl Kontaktaufnahme Photovoltaikanlage
2026-03-06 14:14:38 | run_collect_anfragen | SYSTEM | Keine Klassifikation für Mail: Re: Astrid Eibl Kontaktaufnahme Photovoltaikanlage
2026-03-06 14:14:38 | run_collect_anfragen | SYSTEM | Keine Klassifikation für Mail: AW: [EXTERNAL] Fwd: Harald Nussbaumer PV
2026-03-06 14:14:38 | run_collect_anfragen | SYSTEM | Collect-Anfragen abgeschlossen
